Pig Stack Trace
---------------
ERROR 1200: Pig script failed to parse: 
<line 3, column 23> Undefined alias: Students

Failed to parse: Pig script failed to parse: 
<line 3, column 23> Undefined alias: Students
	at org.apache.pig.parser.QueryParserDriver.parse(QueryParserDriver.java:196)
	at org.apache.pig.PigServer$Graph.validateQuery(PigServer.java:1648)
	at org.apache.pig.PigServer$Graph.registerQuery(PigServer.java:1621)
	at org.apache.pig.PigServer.registerQuery(PigServer.java:575)
	at org.apache.pig.tools.grunt.GruntParser.processPig(GruntParser.java:1093)
	at org.apache.pig.tools.pigscript.parser.PigScriptParser.parse(PigScriptParser.java:501)
	at org.apache.pig.tools.grunt.GruntParser.parseStopOnError(GruntParser.java:198)
	at org.apache.pig.tools.grunt.GruntParser.parseStopOnError(GruntParser.java:173)
	at org.apache.pig.tools.grunt.Grunt.run(Grunt.java:69)
	at org.apache.pig.Main.run(Main.java:541)
	at org.apache.pig.Main.main(Main.java:156)
Caused by: 
<line 3, column 23> Undefined alias: Students
	at org.apache.pig.parser.AstValidator.validateAliasRef(AstValidator.java:278)
	at org.apache.pig.parser.AstValidator.rel(AstValidator.java:6437)
	at org.apache.pig.parser.AstValidator.group_item(AstValidator.java:6182)
	at org.apache.pig.parser.AstValidator.group_clause(AstValidator.java:5969)
	at org.apache.pig.parser.AstValidator.op_clause(AstValidator.java:1554)
	at org.apache.pig.parser.AstValidator.general_statement(AstValidator.java:946)
	at org.apache.pig.parser.AstValidator.statement(AstValidator.java:492)
	at org.apache.pig.parser.AstValidator.query(AstValidator.java:373)
	at org.apache.pig.parser.QueryParserDriver.validateAst(QueryParserDriver.java:255)
	at org.apache.pig.parser.QueryParserDriver.parse(QueryParserDriver.java:183)
	... 10 more
================================================================================
Pig Stack Trace
---------------
ERROR 1200: Pig script failed to parse: 
<line 4, column 32> Undefined alias: Teacher

Failed to parse: Pig script failed to parse: 
<line 4, column 32> Undefined alias: Teacher
	at org.apache.pig.parser.QueryParserDriver.parse(QueryParserDriver.java:196)
	at org.apache.pig.PigServer$Graph.validateQuery(PigServer.java:1648)
	at org.apache.pig.PigServer$Graph.registerQuery(PigServer.java:1621)
	at org.apache.pig.PigServer.registerQuery(PigServer.java:575)
	at org.apache.pig.tools.grunt.GruntParser.processPig(GruntParser.java:1093)
	at org.apache.pig.tools.pigscript.parser.PigScriptParser.parse(PigScriptParser.java:501)
	at org.apache.pig.tools.grunt.GruntParser.parseStopOnError(GruntParser.java:198)
	at org.apache.pig.tools.grunt.GruntParser.parseStopOnError(GruntParser.java:173)
	at org.apache.pig.tools.grunt.Grunt.run(Grunt.java:69)
	at org.apache.pig.Main.run(Main.java:541)
	at org.apache.pig.Main.main(Main.java:156)
Caused by: 
<line 4, column 32> Undefined alias: Teacher
	at org.apache.pig.parser.AstValidator.validateAliasRef(AstValidator.java:278)
	at org.apache.pig.parser.AstValidator.rel(AstValidator.java:6437)
	at org.apache.pig.parser.AstValidator.rel_list(AstValidator.java:12763)
	at org.apache.pig.parser.AstValidator.cross_clause(AstValidator.java:12650)
	at org.apache.pig.parser.AstValidator.op_clause(AstValidator.java:1714)
	at org.apache.pig.parser.AstValidator.general_statement(AstValidator.java:946)
	at org.apache.pig.parser.AstValidator.statement(AstValidator.java:492)
	at org.apache.pig.parser.AstValidator.query(AstValidator.java:373)
	at org.apache.pig.parser.QueryParserDriver.validateAst(QueryParserDriver.java:255)
	at org.apache.pig.parser.QueryParserDriver.parse(QueryParserDriver.java:183)
	... 10 more
================================================================================
