Pig Stack Trace
---------------
ERROR 1025: 
<line 3, column 24> Invalid field projection. Projected field [marks] does not exist in schema: Index:int,Name:chararray,Subject:chararray,Marks:int.

org.apache.pig.impl.plan.PlanValidationException: ERROR 1025: 
<line 3, column 24> Invalid field projection. Projected field [marks] does not exist in schema: Index:int,Name:chararray,Subject:chararray,Marks:int.
	at org.apache.pig.newplan.logical.expression.ProjectExpression.findColNum(ProjectExpression.java:191)
	at org.apache.pig.newplan.logical.expression.ProjectExpression.setColumnNumberFromAlias(ProjectExpression.java:174)
	at org.apache.pig.newplan.logical.visitor.ColumnAliasConversionVisitor$1.visit(ColumnAliasConversionVisitor.java:53)
	at org.apache.pig.newplan.logical.expression.ProjectExpression.accept(ProjectExpression.java:215)
	at org.apache.pig.newplan.DependencyOrderWalker.walk(DependencyOrderWalker.java:75)
	at org.apache.pig.newplan.PlanVisitor.visit(PlanVisitor.java:52)
	at org.apache.pig.newplan.logical.optimizer.AllExpressionVisitor.visitAll(AllExpressionVisitor.java:72)
	at org.apache.pig.newplan.logical.optimizer.AllExpressionVisitor.visit(AllExpressionVisitor.java:112)
	at org.apache.pig.newplan.logical.relational.LOCogroup.accept(LOCogroup.java:235)
	at org.apache.pig.newplan.DependencyOrderWalker.walk(DependencyOrderWalker.java:75)
	at org.apache.pig.newplan.PlanVisitor.visit(PlanVisitor.java:52)
	at org.apache.pig.PigServer$Graph.compile(PigServer.java:1716)
	at org.apache.pig.PigServer$Graph.validateQuery(PigServer.java:1649)
	at org.apache.pig.PigServer$Graph.registerQuery(PigServer.java:1621)
	at org.apache.pig.PigServer.registerQuery(PigServer.java:575)
	at org.apache.pig.tools.grunt.GruntParser.processPig(GruntParser.java:1093)
	at org.apache.pig.tools.pigscript.parser.PigScriptParser.parse(PigScriptParser.java:501)
	at org.apache.pig.tools.grunt.GruntParser.parseStopOnError(GruntParser.java:198)
	at org.apache.pig.tools.grunt.GruntParser.parseStopOnError(GruntParser.java:173)
	at org.apache.pig.tools.grunt.Grunt.run(Grunt.java:69)
	at org.apache.pig.Main.run(Main.java:541)
	at org.apache.pig.Main.main(Main.java:156)
================================================================================
